{"level":"error","message":"401 - Invalid credentials - /api/login - POST - ::1","service":"packmate-api","timestamp":"2026-03-31 14:29:17"}
{"level":"error","message":"500 - Invalid Signature 78623f80ca9d5dea7f2ec775903904061542211a. String to sign - 'allowed_formats=jpg,png,jpeg,webp,gif&folder=packmate_trips&timestamp=1774948116'. - /api/trips/69cb8edecd2c7ea2ca651e4f/upload - PUT - ::1","service":"packmate-api","timestamp":"2026-03-31 14:38:45"}
{"level":"error","message":"500 - Invalid Signature 8d741ed4d88e84a5475433a109e99e4ba99e344d. String to sign - 'allowed_formats=jpg,png,jpeg,webp,gif&folder=packmate_trips&timestamp=1774948262'. - /api/trips/69cb8edecd2c7ea2ca651e4f/upload - PUT - ::1","service":"packmate-api","timestamp":"2026-03-31 14:41:06"}
{"level":"error","message":"401 - Invalid or expired token - /api/trips/69cb8edecd2c7ea2ca651e4f - GET - ::1","service":"packmate-api","timestamp":"2026-03-31 14:45:55"}
{"level":"error","message":"401 - Refresh token expired or invalid - /api/refresh-token - POST - ::1","service":"packmate-api","timestamp":"2026-03-31 14:45:55"}
{"level":"error","message":"401 - Invalid or expired token - /api/trips - GET - ::1","service":"packmate-api","timestamp":"2026-03-31 15:42:23"}
{"level":"error","message":"401 - Refresh token expired or invalid - /api/refresh-token - POST - ::1","service":"packmate-api","timestamp":"2026-03-31 15:42:23"}
{"level":"error","message":"401 - Invalid or expired token - /api/trips - GET - ::1","service":"packmate-api","timestamp":"2026-03-31 16:55:32"}
{"level":"error","message":"401 - No refresh token available - /api/refresh-token - POST - ::1","service":"packmate-api","timestamp":"2026-03-31 16:55:32"}
{"level":"error","message":"401 - Invalid or expired token - /api/trips - GET - ::1","service":"packmate-api","timestamp":"2026-03-31 17:14:19"}
{"level":"error","message":"401 - No refresh token available - /api/refresh-token - POST - ::1","service":"packmate-api","timestamp":"2026-03-31 17:14:19"}
{"level":"error","message":"401 - Invalid or expired token - /api/trips - GET - ::1","service":"packmate-api","timestamp":"2026-04-01 14:44:01"}
{"level":"error","message":"401 - Refresh token expired or invalid - /api/refresh-token - POST - ::1","service":"packmate-api","timestamp":"2026-04-01 14:44:01"}
{"level":"error","message":"401 - Invalid or expired token - /api/trips - GET - ::1","service":"packmate-api","timestamp":"2026-04-01 14:47:36"}
{"level":"error","message":"401 - No refresh token available - /api/refresh-token - POST - ::1","service":"packmate-api","timestamp":"2026-04-01 14:47:36"}
{"level":"error","message":"401 - Invalid credentials - /api/login - POST - ::1","service":"packmate-api","timestamp":"2026-04-01 14:47:45"}
{"level":"error","message":"401 - Invalid credentials - /api/login - POST - ::1","service":"packmate-api","timestamp":"2026-04-01 14:51:35"}
{"level":"error","message":"401 - Invalid or expired token - /api/trips - GET - ::1","service":"packmate-api","timestamp":"2026-04-01 15:17:12"}
{"level":"error","message":"401 - No refresh token available - /api/refresh-token - POST - ::1","service":"packmate-api","timestamp":"2026-04-01 15:17:12"}
{"level":"error","message":"400 - User already exists - /api/register - POST - ::1","service":"packmate-api","timestamp":"2026-04-01 23:00:27"}
{"level":"error","message":"400 - Must be a valid email address - /api/register - POST - ::1","service":"packmate-api","timestamp":"2026-04-01 23:00:42"}
{"level":"error","message":"401 - Invalid or expired token - /api/trips - GET - ::1","service":"packmate-api","timestamp":"2026-04-02 08:09:58"}
{"level":"error","message":"401 - Refresh token expired or invalid - /api/refresh-token - POST - ::1","service":"packmate-api","timestamp":"2026-04-02 08:09:58"}
{"level":"error","message":"401 - Invalid credentials - /api/login - POST - ::1","service":"packmate-api","timestamp":"2026-04-02 08:10:04"}
{"level":"error","message":"401 - Invalid credentials - /api/login - POST - ::1","service":"packmate-api","timestamp":"2026-04-02 08:40:42"}
{"level":"error","message":"401 - Invalid credentials - /api/login - POST - ::1","service":"packmate-api","timestamp":"2026-04-02 08:40:52"}
{"level":"error","message":"401 - Invalid credentials - /api/login - POST - ::1","service":"packmate-api","timestamp":"2026-04-02 08:41:06"}
{"level":"error","message":"400 - User already exists - /api/register - POST - ::1","service":"packmate-api","timestamp":"2026-04-02 08:43:14"}
{"level":"error","message":"401 - Invalid credentials - /api/login - POST - ::1","service":"packmate-api","timestamp":"2026-04-02 08:43:26"}
{"level":"error","message":"401 - Invalid credentials - /api/login - POST - ::1","service":"packmate-api","timestamp":"2026-04-02 08:43:33"}
{"level":"error","message":"401 - Invalid or expired token - /api/trips - GET - ::1","service":"packmate-api","timestamp":"2026-04-02 23:14:55"}
{"level":"error","message":"401 - Refresh token expired or invalid - /api/refresh-token - POST - ::1","service":"packmate-api","timestamp":"2026-04-02 23:14:55"}
{"level":"error","message":"401 - Invalid credentials - /api/login - POST - ::1","service":"packmate-api","timestamp":"2026-04-02 23:15:22"}
{"level":"error","message":"401 - Invalid or expired token - /api/trips - GET - ::1","service":"packmate-api","timestamp":"2026-04-09 20:59:47"}
{"level":"error","message":"401 - Refresh token expired or invalid - /api/refresh-token - POST - ::1","service":"packmate-api","timestamp":"2026-04-09 20:59:47"}
{"level":"error","message":"401 - Invalid or expired token - /api/trips - GET - ::1","service":"packmate-api","timestamp":"2026-04-10 10:37:42"}
{"level":"error","message":"401 - Refresh token expired or invalid - /api/refresh-token - POST - ::1","service":"packmate-api","timestamp":"2026-04-10 10:37:42"}
{"level":"error","message":"500 - Request Timeout - /api/trips/69d886804b6d655057422b64/upload - PUT - ::1","service":"packmate-api","timestamp":"2026-04-10 10:42:16"}
{"level":"error","message":"400 - First name is required - /api/register - POST - ::1","service":"packmate-api","timestamp":"2026-04-10 10:43:04"}
{"level":"error","message":"401 - Invalid credentials - /api/login - POST - ::1","service":"packmate-api","timestamp":"2026-04-10 10:43:04"}
{"level":"error","message":"400 - First name is required - /api/register - POST - ::1","service":"packmate-api","timestamp":"2026-04-10 10:43:22"}
{"level":"error","message":"401 - Invalid or expired token - /api/ai/prefetch-weather - POST - ::1","service":"packmate-api","timestamp":"2026-04-10 10:50:52"}
{"level":"error","message":"500 - CORS blocked origin - /api/register - OPTIONS - ::1","service":"packmate-api","timestamp":"2026-04-10 10:58:51"}
{"level":"error","message":"500 - CORS blocked origin - /api/register - OPTIONS - ::1","service":"packmate-api","timestamp":"2026-04-10 10:59:00"}
{"level":"error","message":"400 - User already exists - /api/register - POST - ::1","service":"packmate-api","timestamp":"2026-04-10 11:00:59"}
{"level":"error","message":"401 - Invalid or expired token - /api/trips - GET - ::1","service":"packmate-api","timestamp":"2026-04-10 22:29:29"}
{"level":"error","message":"401 - Refresh token expired or invalid - /api/refresh-token - POST - ::1","service":"packmate-api","timestamp":"2026-04-10 22:29:29"}
{"level":"error","message":"401 - Invalid credentials - /api/login - POST - ::1","service":"packmate-api","timestamp":"2026-04-10 22:31:38"}
{"level":"error","message":"401 - Invalid credentials - /api/login - POST - ::1","service":"packmate-api","timestamp":"2026-04-10 22:31:46"}
{"level":"error","message":"401 - Invalid credentials - /api/login - POST - ::1","service":"packmate-api","timestamp":"2026-04-10 22:32:54"}
